<?xml version="1.0" encoding="UTF-8"?>
<!-- Generated by org.testng.reporters.JUnitReportReporter -->
<testsuite hostname="Simge-MacBook-Air.local" failures="0" tests="6" name="HotelReservationAPI" time="7.848" errors="0" timestamp="2022-09-07T18:01:06 TRT" skipped="0">
  <testcase classname="HotelReservationAPI" name="createToken" time="3.427"/>
  <system-out/>
  <testcase classname="HotelReservationAPI" name="getBookingIds" time="0.998"/>
  <system-out/>
  <testcase classname="HotelReservationAPI" name="createBooking" time="0.815"/>
  <system-out/>
  <testcase classname="HotelReservationAPI" name="partialUpdateBooking" time="0.847"/>
  <system-out/>
  <testcase classname="HotelReservationAPI" name="updateBooking" time="0.904"/>
  <system-out/>
  <testcase classname="HotelReservationAPI" name="deleteCreatedBooking" time="0.857"/>
  <system-out/>
</testsuite> <!-- HotelReservationAPI -->
