<?xml version="1.0" encoding="UTF-8"?>
<!-- Generated by org.testng.reporters.JUnitReportReporter -->
<testsuite hostname="Simge-MacBook-Air.local" failures="0" tests="6" name="AFakeRestfulAPI" time="2.637" errors="0" timestamp="2022-09-12T15:24:12 TRT" skipped="0">
  <testcase classname="AFakeRestfulAPI" name="test_getGuests" time="2.333"/>
  <system-out/>
  <testcase classname="AFakeRestfulAPI" name="test_getGuestsWithQueryParamRoomId" time="0.096"/>
  <system-out/>
  <testcase classname="AFakeRestfulAPI" name="test_postGuest" time="0.074"/>
  <system-out/>
  <testcase classname="AFakeRestfulAPI" name="test_putGuest" time="0.043"/>
  <system-out/>
  <testcase classname="AFakeRestfulAPI" name="test_patchGuest" time="0.046"/>
  <system-out/>
  <testcase classname="AFakeRestfulAPI" name="test_deleteGuest" time="0.045"/>
  <system-out/>
</testsuite> <!-- AFakeRestfulAPI -->
